2require(D:/local/hdicarlo/src/Views/500.php): failed to open stream: No such file or directoryD:\local\hdicarlo\src\Controllers\Helpers\Common.php20
2require(D:/local/hdicarlo/src/Views/admin/partials/roleList.php): failed to open stream: No such file or directoryD:\local\hdicarlo\src\Controllers\Helpers\Common.php20
8Undefined index: nameD:\local\hdicarlo\src\Views\admin\partials\roleList.php12
8Undefined index: nameD:\local\hdicarlo\src\Views\admin\partials\roleList.php12
8Undefined index: nameD:\local\hdicarlo\src\Views\admin\partials\roleList.php12
8Undefined index: nameD:\local\hdicarlo\src\Controllers\admin\UserRoleController.php111
8Undefined index: user_roleD:\local\hdicarlo\src\Views\partials\userTable.php29
8Undefined index: user_roleD:\local\hdicarlo\src\Views\partials\userTable.php29
2require(D:/local/hdicarlo/src/Views/dashboard.view.php): failed to open stream: No such file or directoryD:\local\hdicarlo\src\Controllers\Helpers\Common.php20
2require(D:/local/hdicarlo/src/Views/partials/finder.partial.php): failed to open stream: No such file or directoryD:\local\hdicarlo\src\Controllers\Helpers\Common.php20
2require_once(D:/local/hdicarlo/src/Controllers/admin/PageController.php): failed to open stream: No such file or directoryD:\local\hdicarlo\src\route.php39
2require_once(D:/local/hdicarlo/src/Controllers/admin/PageController.php): failed to open stream: No such file or directoryD:\local\hdicarlo\src\route.php39
2require_once(D:/local/hdicarlo/src/Controllers/admin/PageController.php): failed to open stream: No such file or directoryD:\local\hdicarlo\src\route.php39
2require_once(D:/local/hdicarlo/src/Controllers/admin/PageController.php): failed to open stream: No such file or directoryD:\local\hdicarlo\src\route.php39
2require(D:/local/hdicarlo/src/Views/profileUpdate.view.php): failed to open stream: No such file or directoryD:\local\hdicarlo\src\Controllers\Helpers\Common.php20
2require(D:/local/hdicarlo/src/Views/profileUpdate.view.php): failed to open stream: No such file or directoryD:\local\hdicarlo\src\Controllers\Helpers\Common.php20
2require_once(D:/local/hdicarlo/src/Controllers/admin/PageController.php): failed to open stream: No such file or directoryD:\local\hdicarlo\src\route.php39
2require_once(D:/local/hdicarlo/src/Controllers/admin/PageController.php): failed to open stream: No such file or directoryD:\local\hdicarlo\src\route.php39
2require_once(D:/local/hdicarlo/src/Controllers/admin/PageController.php): failed to open stream: No such file or directoryD:\local\hdicarlo\src\route.php39
2require_once(D:/local/hdicarlo/src/Controllers/admin/PageController.php): failed to open stream: No such file or directoryD:\local\hdicarlo\src\route.php39
2require_once(D:/local/hdicarlo/src/Controllers/admin/PageController.php): failed to open stream: No such file or directoryD:\local\hdicarlo\src\route.php39
2require_once(D:/local/hdicarlo/src/Controllers/admin/PageController.php): failed to open stream: No such file or directoryD:\local\hdicarlo\src\route.php39
2require_once(D:/local/hdicarlo/src/Controllers/admin/PageController.php): failed to open stream: No such file or directoryD:\local\hdicarlo\src\route.php39
2require_once(D:/local/hdicarlo/src/Controllers/admin/PageController.php): failed to open stream: No such file or directoryD:\local\hdicarlo\src\route.php39
2require_once(D:/local/hdicarlo/src/Controllers/admin/PageController.php): failed to open stream: No such file or directoryD:\local\hdicarlo\src\route.php39
2require_once(D:/local/hdicarlo/src/Controllers/admin/PageController.php): failed to open stream: No such file or directoryD:\local\hdicarlo\src\route.php39
2require_once(D:/local/hdicarlo/src/Controllers/admin/PageController.php): failed to open stream: No such file or directoryD:\local\hdicarlo\src\route.php39
2require_once(D:/local/hdicarlo/src/Controllers/admin/PageController.php): failed to open stream: No such file or directoryD:\local\hdicarlo\src\route.php39
2require_once(D:/local/hdicarlo/src/Controllers/admin/PageController.php): failed to open stream: No such file or directoryD:\local\hdicarlo\src\route.php39
2require_once(D:/local/hdicarlo/src/Controllers/admin/PageController.php): failed to open stream: No such file or directoryD:\local\hdicarlo\src\route.php39
2require_once(D:/local/hdicarlo/src/Controllers/admin/PageController.php): failed to open stream: No such file or directoryD:\local\hdicarlo\src\route.php39
2require_once(D:/local/hdicarlo/src/Controllers/admin/PageController.php): failed to open stream: No such file or directoryD:\local\hdicarlo\src\route.php39
2require_once(D:/local/hdicarlo/src/Controllers/admin/PageController.php): failed to open stream: No such file or directoryD:\local\hdicarlo\src\route.php39
2require_once(D:/local/hdicarlo/src/Controllers/admin/PageController.php): failed to open stream: No such file or directoryD:\local\hdicarlo\src\route.php39
2require_once(D:/local/hdicarlo/src/Controllers/admin/PageController.php): failed to open stream: No such file or directoryD:\local\hdicarlo\src\route.php39
2require_once(D:/local/hdicarlo/src/Controllers/admin/PageController.php): failed to open stream: No such file or directoryD:\local\hdicarlo\src\route.php39
2require_once(D:/local/hdicarlo/src/Controllers/admin/PageController.php): failed to open stream: No such file or directoryD:\local\hdicarlo\src\route.php39
2require_once(D:/local/hdicarlo/src/Controllers/admin/PageController.php): failed to open stream: No such file or directoryD:\local\hdicarlo\src\route.php39
2require_once(D:/local/hdicarlo/src/Controllers/admin/PageController.php): failed to open stream: No such file or directoryD:\local\hdicarlo\src\route.php39
2require_once(D:/local/hdicarlo/src/Controllers/admin/PageController.php): failed to open stream: No such file or directoryD:\local\hdicarlo\src\route.php39
2require_once(D:/local/hdicarlo/src/Controllers/admin/PageController.php): failed to open stream: No such file or directoryD:\local\hdicarlo\src\route.php39
2require_once(D:/local/hdicarlo/src/Controllers/admin/PageController.php): failed to open stream: No such file or directoryD:\local\hdicarlo\src\route.php39
2require_once(D:/local/hdicarlo/src/Controllers/admin/PageController.php): failed to open stream: No such file or directoryD:\local\hdicarlo\src\route.php39
2require_once(D:/local/hdicarlo/src/Controllers/admin/PageController.php): failed to open stream: No such file or directoryD:\local\hdicarlo\src\route.php39
2require_once(D:/local/hdicarlo/src/Controllers/admin/PageController.php): failed to open stream: No such file or directoryD:\local\hdicarlo\src\route.php39
2require_once(D:/local/hdicarlo/src/Controllers/admin/PageController.php): failed to open stream: No such file or directoryD:\local\hdicarlo\src\route.php39
2require_once(D:/local/hdicarlo/src/Controllers/admin/PageController.php): failed to open stream: No such file or directoryD:\local\hdicarlo\src\route.php39
2require_once(D:/local/hdicarlo/src/Controllers/admin/PageController.php): failed to open stream: No such file or directoryD:\local\hdicarlo\src\route.php39
2require_once(D:/local/hdicarlo/src/Controllers/admin/PageController.php): failed to open stream: No such file or directoryD:\local\hdicarlo\src\route.php39
2require_once(D:/local/hdicarlo/src/Controllers/admin/PageController.php): failed to open stream: No such file or directoryD:\local\hdicarlo\src\route.php39
2require_once(D:/local/hdicarlo/src/Controllers/admin/PageController.php): failed to open stream: No such file or directoryD:\local\hdicarlo\src\route.php39
2require_once(D:/local/hdicarlo/src/Controllers/admin/PageController.php): failed to open stream: No such file or directoryD:\local\hdicarlo\src\route.php39
2require_once(D:/local/hdicarlo/src/Controllers/admin/PageController.php): failed to open stream: No such file or directoryD:\local\hdicarlo\src\route.php39
2require_once(D:/local/hdicarlo/src/Controllers/admin/PageController.php): failed to open stream: No such file or directoryD:\local\hdicarlo\src\route.php39
2require_once(D:/local/hdicarlo/src/Controllers/admin/PageController.php): failed to open stream: No such file or directoryD:\local\hdicarlo\src\route.php39
2require_once(D:/local/hdicarlo/src/Controllers/admin/PageController.php): failed to open stream: No such file or directoryD:\local\hdicarlo\src\route.php39
2require_once(D:/local/hdicarlo/src/Controllers/admin/PageController.php): failed to open stream: No such file or directoryD:\local\hdicarlo\src\route.php39
2require_once(D:/local/hdicarlo/src/Controllers/admin/PageController.php): failed to open stream: No such file or directoryD:\local\hdicarlo\src\route.php39
2require_once(D:/local/hdicarlo/src/Controllers/admin/PageController.php): failed to open stream: No such file or directoryD:\local\hdicarlo\src\route.php39
2require_once(D:/local/hdicarlo/src/Controllers/admin/PageController.php): failed to open stream: No such file or directoryD:\local\hdicarlo\src\route.php39
2require_once(D:/local/hdicarlo/src/Controllers/admin/PageController.php): failed to open stream: No such file or directoryD:\local\hdicarlo\src\route.php39
2require_once(D:/local/hdicarlo/src/Controllers/admin/PageController.php): failed to open stream: No such file or directoryD:\local\hdicarlo\src\route.php39
2require_once(D:/local/hdicarlo/src/Controllers/admin/PageController.php): failed to open stream: No such file or directoryD:\local\hdicarlo\src\route.php39
2require_once(D:/local/hdicarlo/src/Controllers/admin/PageController.php): failed to open stream: No such file or directoryD:\local\hdicarlo\src\route.php39
2require_once(D:/local/hdicarlo/src/Controllers/admin/PageController.php): failed to open stream: No such file or directoryD:\local\hdicarlo\src\route.php39
2require_once(D:/local/hdicarlo/src/Controllers/admin/PageController.php): failed to open stream: No such file or directoryD:\local\hdicarlo\src\route.php39
2require_once(D:/local/hdicarlo/src/Controllers/admin/PageController.php): failed to open stream: No such file or directoryD:\local\hdicarlo\src\route.php39
2require_once(D:/local/hdicarlo/src/Controllers/admin/PageController.php): failed to open stream: No such file or directoryD:\local\hdicarlo\src\route.php39
2require_once(D:/local/hdicarlo/src/Controllers/admin/PageController.php): failed to open stream: No such file or directoryD:\local\hdicarlo\src\route.php39
2require_once(D:/local/hdicarlo/src/Controllers/admin/PageController.php): failed to open stream: No such file or directoryD:\local\hdicarlo\src\route.php39
2require_once(D:/local/hdicarlo/src/Controllers/admin/PageController.php): failed to open stream: No such file or directoryD:\local\hdicarlo\src\route.php39
2require_once(D:/local/hdicarlo/src/Controllers/admin/PageController.php): failed to open stream: No such file or directoryD:\local\hdicarlo\src\route.php39
2require_once(D:/local/hdicarlo/src/Views/layouts/basic.layout.php): failed to open stream: No such file or directoryD:\local\hdicarlo\src\Controllers\Helpers\Common.php59
2require_once(D:/local/hdicarlo/src/Views/layouts/basic.layout.php): failed to open stream: No such file or directoryD:\local\hdicarlo\src\Controllers\Helpers\Common.php59
2require_once(D:/local/hdicarlo/src/Controllers/admin/PageController.php): failed to open stream: No such file or directoryD:\local\hdicarlo\src\route.php39
2require_once(D:/local/hdicarlo/src/Controllers/admin/PageController.php): failed to open stream: No such file or directoryD:\local\hdicarlo\src\route.php39
2require_once(D:/local/hdicarlo/src/Controllers/admin/PageController.php): failed to open stream: No such file or directoryD:\local\hdicarlo\src\route.php39
2require_once(D:/local/hdicarlo/src/Controllers/admin/PageController.php): failed to open stream: No such file or directoryD:\local\hdicarlo\src\route.php39
2require_once(D:/local/hdicarlo/src/Controllers/admin/PageController.php): failed to open stream: No such file or directoryD:\local\hdicarlo\src\route.php39
2require_once(D:/local/hdicarlo/src/Controllers/admin/PageController.php): failed to open stream: No such file or directoryD:\local\hdicarlo\src\route.php39
2require_once(D:/local/hdicarlo/src/Controllers/admin/PageController.php): failed to open stream: No such file or directoryD:\local\hdicarlo\src\route.php39
2require_once(D:/local/hdicarlo/src/Controllers/admin/PageController.php): failed to open stream: No such file or directoryD:\local\hdicarlo\src\route.php39
2require_once(D:/local/hdicarlo/src/Controllers/admin/PageController.php): failed to open stream: No such file or directoryD:\local\hdicarlo\src\route.php39
2require_once(D:/local/hdicarlo/src/Controllers/admin/PageController.php): failed to open stream: No such file or directoryD:\local\hdicarlo\src\route.php39
2require_once(D:/local/hdicarlo/src/Controllers/admin/PageController.php): failed to open stream: No such file or directoryD:\local\hdicarlo\src\route.php39
8Undefined index: passwordD:\local\hdicarlo\src\Controllers\admin\CustomerController.php189
8Undefined index: customerNameD:\local\hdicarlo\src\Controllers\admin\CustomerController.php85
2require_once(D:/local/hdicarlo/src/Controllers/admin/PageController.php): failed to open stream: No such file or directoryD:\local\hdicarlo\src\route.php39
2require_once(D:/local/hdicarlo/src/Controllers/admin/PageController.php): failed to open stream: No such file or directoryD:\local\hdicarlo\src\route.php39
8Undefined index: customerNameD:\local\hdicarlo\src\Controllers\admin\CustomerController.php117
2require_once(D:/local/hdicarlo/src/Controllers/admin/PageController.php): failed to open stream: No such file or directoryD:\local\hdicarlo\src\route.php39
2require_once(D:/local/hdicarlo/src/Controllers/admin/PageController.php): failed to open stream: No such file or directoryD:\local\hdicarlo\src\route.php39
2require_once(D:/local/hdicarlo/src/Controllers/admin/PageController.php): failed to open stream: No such file or directoryD:\local\hdicarlo\src\route.php39
2require_once(D:/local/hdicarlo/src/Controllers/admin/PageController.php): failed to open stream: No such file or directoryD:\local\hdicarlo\src\route.php39
2require_once(D:/local/hdicarlo/src/Controllers/admin/PageController.php): failed to open stream: No such file or directoryD:\local\hdicarlo\src\route.php39
2require_once(D:/local/hdicarlo/src/Controllers/admin/PageController.php): failed to open stream: No such file or directoryD:\local\hdicarlo\src\route.php39
2require_once(D:/local/hdicarlo/src/Controllers/admin/PageController.php): failed to open stream: No such file or directoryD:\local\hdicarlo\src\route.php39
2require_once(D:/local/hdicarlo/src/Controllers/admin/PageController.php): failed to open stream: No such file or directoryD:\local\hdicarlo\src\route.php39
2require_once(D:/local/hdicarlo/src/Controllers/admin/PageController.php): failed to open stream: No such file or directoryD:\local\hdicarlo\src\route.php39
2require_once(D:/local/hdicarlo/src/Controllers/admin/PageController.php): failed to open stream: No such file or directoryD:\local\hdicarlo\src\route.php39
2require_once(D:/local/hdicarlo/src/Controllers/admin/PageController.php): failed to open stream: No such file or directoryD:\local\hdicarlo\src\route.php39
2require_once(D:/local/hdicarlo/src/Controllers/admin/PageController.php): failed to open stream: No such file or directoryD:\local\hdicarlo\src\route.php39
2require_once(D:/local/hdicarlo/src/Controllers/admin/PageController.php): failed to open stream: No such file or directoryD:\local\hdicarlo\src\route.php39
2require_once(D:/local/hdicarlo/src/Controllers/admin/PageController.php): failed to open stream: No such file or directoryD:\local\hdicarlo\src\route.php39
2require_once(D:/local/hdicarlo/src/Controllers/admin/PageController.php): failed to open stream: No such file or directoryD:\local\hdicarlo\src\route.php39
2require_once(D:/local/hdicarlo/src/Controllers/admin/PageController.php): failed to open stream: No such file or directoryD:\local\hdicarlo\src\route.php39
2require_once(D:/local/hdicarlo/src/Controllers/admin/PageController.php): failed to open stream: No such file or directoryD:\local\hdicarlo\src\route.php39
2require_once(D:/local/hdicarlo/src/Controllers/admin/PageController.php): failed to open stream: No such file or directoryD:\local\hdicarlo\src\route.php39
2require_once(D:/local/hdicarlo/src/Controllers/admin/PageController.php): failed to open stream: No such file or directoryD:\local\hdicarlo\src\route.php39
2require_once(D:/local/hdicarlo/src/Controllers/admin/PageController.php): failed to open stream: No such file or directoryD:\local\hdicarlo\src\route.php39
2require_once(D:/local/hdicarlo/src/Controllers/admin/PageController.php): failed to open stream: No such file or directoryD:\local\hdicarlo\src\route.php39
2require_once(D:/local/hdicarlo/src/Controllers/admin/PageController.php): failed to open stream: No such file or directoryD:\local\hdicarlo\src\route.php39
2require_once(D:/local/hdicarlo/src/Controllers/admin/PageController.php): failed to open stream: No such file or directoryD:\local\hdicarlo\src\route.php39
2require_once(D:/local/hdicarlo/src/Controllers/admin/PageController.php): failed to open stream: No such file or directoryD:\local\hdicarlo\src\route.php39
2require_once(D:/local/hdicarlo/src/Controllers/admin/PageController.php): failed to open stream: No such file or directoryD:\local\hdicarlo\src\route.php39
2require_once(D:/local/hdicarlo/src/Controllers/admin/PageController.php): failed to open stream: No such file or directoryD:\local\hdicarlo\src\route.php39
2require_once(D:/local/hdicarlo/src/Controllers/admin/PageController.php): failed to open stream: No such file or directoryD:\local\hdicarlo\src\route.php39
2require_once(D:/local/hdicarlo/src/Controllers/admin/PageController.php): failed to open stream: No such file or directoryD:\local\hdicarlo\src\route.php39
2require_once(D:/local/hdicarlo/src/Controllers/admin/PageController.php): failed to open stream: No such file or directoryD:\local\hdicarlo\src\route.php39
2require_once(D:/local/hdicarlo/src/Controllers/admin/PageController.php): failed to open stream: No such file or directoryD:\local\hdicarlo\src\route.php39
2require_once(D:/local/hdicarlo/src/Controllers/admin/PageController.php): failed to open stream: No such file or directoryD:\local\hdicarlo\src\route.php39
2require_once(D:/local/hdicarlo/src/Controllers/admin/PageController.php): failed to open stream: No such file or directoryD:\local\hdicarlo\src\route.php39
2require_once(D:/local/hdicarlo/src/Controllers/admin/PageController.php): failed to open stream: No such file or directoryD:\local\hdicarlo\src\route.php39
2require_once(D:/local/hdicarlo/src/Controllers/admin/PageController.php): failed to open stream: No such file or directoryD:\local\hdicarlo\src\route.php39
2require_once(D:/local/hdicarlo/src/Controllers/admin/PageController.php): failed to open stream: No such file or directoryD:\local\hdicarlo\src\route.php39
2require_once(D:/local/hdicarlo/src/Controllers/admin/PageController.php): failed to open stream: No such file or directoryD:\local\hdicarlo\src\route.php39
2require_once(D:/local/hdicarlo/src/Controllers/admin/PageController.php): failed to open stream: No such file or directoryD:\local\hdicarlo\src\route.php39
2require_once(D:/local/hdicarlo/src/Controllers/admin/PageController.php): failed to open stream: No such file or directoryD:\local\hdicarlo\src\route.php39
2require_once(D:/local/hdicarlo/src/Controllers/admin/PageController.php): failed to open stream: No such file or directoryD:\local\hdicarlo\src\route.php39
2require_once(D:/local/hdicarlo/src/Controllers/admin/PageController.php): failed to open stream: No such file or directoryD:\local\hdicarlo\src\route.php39
2require_once(D:/local/hdicarlo/src/Controllers/admin/PageController.php): failed to open stream: No such file or directoryD:\local\hdicarlo\src\route.php39
2require_once(D:/local/hdicarlo/src/Controllers/admin/PageController.php): failed to open stream: No such file or directoryD:\local\hdicarlo\src\route.php39
2require_once(D:/local/hdicarlo/src/Controllers/admin/PageController.php): failed to open stream: No such file or directoryD:\local\hdicarlo\src\route.php39
2require_once(D:/local/hdicarlo/src/Controllers/admin/PageController.php): failed to open stream: No such file or directoryD:\local\hdicarlo\src\route.php39
2require_once(D:/local/hdicarlo/src/Controllers/admin/PageController.php): failed to open stream: No such file or directoryD:\local\hdicarlo\src\route.php39
2require_once(D:/local/hdicarlo/src/Controllers/admin/PageController.php): failed to open stream: No such file or directoryD:\local\hdicarlo\src\route.php39
2require_once(D:/local/hdicarlo/src/Controllers/admin/PageController.php): failed to open stream: No such file or directoryD:\local\hdicarlo\src\route.php39
2require_once(D:/local/hdicarlo/src/Controllers/admin/PageController.php): failed to open stream: No such file or directoryD:\local\hdicarlo\src\route.php39
2require_once(D:/local/hdicarlo/src/Controllers/admin/PageController.php): failed to open stream: No such file or directoryD:\local\hdicarlo\src\route.php39
2require_once(D:/local/hdicarlo/src/Controllers/admin/PageController.php): failed to open stream: No such file or directoryD:\local\hdicarlo\src\route.php39
2require_once(D:/local/hdicarlo/src/Controllers/admin/PageController.php): failed to open stream: No such file or directoryD:\local\hdicarlo\src\route.php39
2require_once(D:/local/hdicarlo/src/Controllers/admin/PageController.php): failed to open stream: No such file or directoryD:\local\hdicarlo\src\route.php39
2require_once(D:/local/hdicarlo/src/Controllers/admin/PageController.php): failed to open stream: No such file or directoryD:\local\hdicarlo\src\route.php39
2require_once(D:/local/hdicarlo/src/Controllers/admin/PageController.php): failed to open stream: No such file or directoryD:\local\hdicarlo\src\route.php39
2require_once(D:/local/hdicarlo/src/Controllers/admin/PageController.php): failed to open stream: No such file or directoryD:\local\hdicarlo\src\route.php39
2require_once(D:/local/hdicarlo/src/Controllers/admin/PageController.php): failed to open stream: No such file or directoryD:\local\hdicarlo\src\route.php39
2require_once(D:/local/hdicarlo/src/Controllers/admin/PageController.php): failed to open stream: No such file or directoryD:\local\hdicarlo\src\route.php39
2require_once(D:/local/hdicarlo/src/Controllers/admin/PageController.php): failed to open stream: No such file or directoryD:\local\hdicarlo\src\route.php39
2require_once(D:/local/hdicarlo/src/Controllers/admin/PageController.php): failed to open stream: No such file or directoryD:\local\hdicarlo\src\route.php39
2require_once(D:/local/hdicarlo/src/Controllers/admin/PageController.php): failed to open stream: No such file or directoryD:\local\hdicarlo\src\route.php39
2require_once(D:/local/hdicarlo/src/Controllers/admin/PageController.php): failed to open stream: No such file or directoryD:\local\hdicarlo\src\route.php39
2require_once(D:/local/hdicarlo/src/Controllers/admin/PageController.php): failed to open stream: No such file or directoryD:\local\hdicarlo\src\route.php39
2require_once(D:/local/hdicarlo/src/Controllers/admin/PageController.php): failed to open stream: No such file or directoryD:\local\hdicarlo\src\route.php39
2require_once(D:/local/hdicarlo/src/Controllers/admin/PageController.php): failed to open stream: No such file or directoryD:\local\hdicarlo\src\route.php39
2require_once(D:/local/hdicarlo/src/Controllers/admin/PageController.php): failed to open stream: No such file or directoryD:\local\hdicarlo\src\route.php39
2require_once(D:/local/hdicarlo/src/Controllers/admin/PageController.php): failed to open stream: No such file or directoryD:\local\hdicarlo\src\route.php39
2require_once(D:/local/hdicarlo/src/Controllers/admin/PageController.php): failed to open stream: No such file or directoryD:\local\hdicarlo\src\route.php39
2require_once(D:/local/hdicarlo/src/Controllers/admin/PageController.php): failed to open stream: No such file or directoryD:\local\hdicarlo\src\route.php39
2require_once(D:/local/hdicarlo/src/Controllers/admin/PageController.php): failed to open stream: No such file or directoryD:\local\hdicarlo\src\route.php39
2require_once(D:/local/hdicarlo/src/Controllers/admin/PageController.php): failed to open stream: No such file or directoryD:\local\hdicarlo\src\route.php39
2require_once(D:/local/hdicarlo/src/Controllers/admin/PageController.php): failed to open stream: No such file or directoryD:\local\hdicarlo\src\route.php39
2require_once(D:/local/hdicarlo/src/Controllers/admin/PageController.php): failed to open stream: No such file or directoryD:\local\hdicarlo\src\route.php39
2require_once(D:/local/hdicarlo/src/Controllers/admin/PageController.php): failed to open stream: No such file or directoryD:\local\hdicarlo\src\route.php39
2require_once(D:/local/hdicarlo/src/Controllers/admin/PageController.php): failed to open stream: No such file or directoryD:\local\hdicarlo\src\route.php39
2require_once(D:/local/hdicarlo/src/Controllers/admin/PageController.php): failed to open stream: No such file or directoryD:\local\hdicarlo\src\route.php39
2require_once(D:/local/hdicarlo/src/Controllers/admin/PageController.php): failed to open stream: No such file or directoryD:\local\hdicarlo\src\route.php39
2require(D:/local/hdicarlo/src/Views/admin/partials/exhibitorTable.php): failed to open stream: No such file or directoryD:\local\hdicarlo\src\Controllers\Helpers\Common.php20
2require(D:/local/hdicarlo/src/Views/admin/partials/exhibitorTable.php): failed to open stream: No such file or directoryD:\local\hdicarlo\src\Controllers\Helpers\Common.php20
2require(D:/local/hdicarlo/src/Views/admin/partials/exhibitorTable.php): failed to open stream: No such file or directoryD:\local\hdicarlo\src\Controllers\Helpers\Common.php20
2require(D:/local/hdicarlo/src/Views/admin/partials/exhibitorTable.php): failed to open stream: No such file or directoryD:\local\hdicarlo\src\Controllers\Helpers\Common.php20
8Undefined index: identity_document_descriptionD:\local\hdicarlo\src\Views\admin\partials\exhibitorTable.php17
8Undefined index: identity_document_descriptionD:\local\hdicarlo\src\Views\admin\partials\exhibitorTable.php17
8Undefined index: identity_document_descriptionD:\local\hdicarlo\src\Views\admin\partials\exhibitorTable.php17
8Undefined index: document_numberD:\local\hdicarlo\src\Views\admin\partials\exhibitorTable.php17
8Undefined index: addressD:\local\hdicarlo\src\Views\admin\partials\exhibitorTable.php21
8Undefined variable: geoLevel1D:\local\hdicarlo\src\Views\admin\exhibitor.view.php42
2require_once(D:/local/hdicarlo/src/Views/layouts/basic.layout.php): failed to open stream: No such file or directoryD:\local\hdicarlo\src\Core\Controller.php24
2require_once(D:/local/hdicarlo/src/Views/layouts/basic.layout.php): failed to open stream: No such file or directoryD:\local\hdicarlo\src\Core\Controller.php24
2Illegal string offset 'customer_id'D:\local\hdicarlo\src\Controllers\admin\ExhibitorController.php59
8Undefined index: exhibitorD:\local\hdicarlo\src\Views\admin\partials\exhibitorDetail.partial.php3
8Undefined index: codeD:\local\hdicarlo\src\Views\admin\partials\exhibitorDetail.partial.php3
2htmlspecialchars() expects parameter 1 to be string, array givenD:\local\hdicarlo\src\Controllers\admin\ExhibitorController.php121
2require(D:/local/hdicarlo/src/Views/exhibitorDetail.partial.php): failed to open stream: No such file or directoryD:\local\hdicarlo\src\Controllers\Helpers\Common.php20
8Undefined index: exhibitorD:\local\hdicarlo\src\Views\admin\partials\exhibitorDetail.partial.php1
8Undefined index: documentTypeD:\local\hdicarlo\src\Controllers\admin\CustomerController.php184
8Undefined index: documentTypeD:\local\hdicarlo\src\Controllers\admin\CustomerController.php184
8Undefined index: documentNumberD:\local\hdicarlo\src\Controllers\admin\CustomerController.php185
8Undefined index: SnId_hdcarloD:\local\hdicarlo\src\Controllers\UserController.php330
2021-06-02 22:40:30: 2 require_once(D:/local/hdicarlo/src/Models/Company.php): failed to open stream: No such file or directory
D:\local\hdicarlo\src\Controllers\UserController.php(3)
2021-06-02 22:42:20: 2 require_once(D:/local/hdicarlo/src/Models/TravelRouteScale.php): failed to open stream: No such file or directory
D:\local\hdicarlo\src\Controllers\PageController.php(4)
2021-06-02 22:42:24: 2 require_once(D:/local/hdicarlo/src/Models/TravelRouteScale.php): failed to open stream: No such file or directory
D:\local\hdicarlo\src\Controllers\PageController.php(4)
2021-06-02 22:47:42: 2 require_once(D:/local/hdicarlo/src/Models/Company.php): failed to open stream: No such file or directory
D:\local\hdicarlo\src\Controllers\UserController.php(3)
2021-06-02 22:47:45: 2 require_once(D:/local/hdicarlo/src/Models/Company.php): failed to open stream: No such file or directory
D:\local\hdicarlo\src\Controllers\UserController.php(3)
2021-06-02 22:48:21: 2 require_once(D:/local/hdicarlo/src/Models/UserOffice.php): failed to open stream: No such file or directory
D:\local\hdicarlo\src\Controllers\UserController.php(10)
2021-06-02 22:48:24: 2 require_once(D:/local/hdicarlo/src/Models/UserOffice.php): failed to open stream: No such file or directory
D:\local\hdicarlo\src\Controllers\UserController.php(10)
2021-06-02 22:48:24: 2 require_once(D:/local/hdicarlo/src/Models/UserOffice.php): failed to open stream: No such file or directory
D:\local\hdicarlo\src\Controllers\UserController.php(10)
2021-06-02 22:48:25: 2 require_once(D:/local/hdicarlo/src/Models/UserOffice.php): failed to open stream: No such file or directory
D:\local\hdicarlo\src\Controllers\UserController.php(10)
2021-06-02 22:48:25: 2 require_once(D:/local/hdicarlo/src/Models/UserOffice.php): failed to open stream: No such file or directory
D:\local\hdicarlo\src\Controllers\UserController.php(10)
2021-06-02 22:51:26: 2 require_once(D:/local/hdicarlo/src/Helpers/TokenSign.php): failed to open stream: No such file or directory
D:\local\hdicarlo\src\Controllers\UserController.php(11)
2021-06-02 23:20:48: 8 Undefined index: HTTP_ACCEPT
D:\local\hdicarlo\src\Controllers\PageController.php(41)
2021-06-02 23:24:08: 8 Undefined index: HTTP_ACCEPT
D:\local\hdicarlo\src\Controllers\PageController.php(41)
2021-06-02 23:26:40: 8 Undefined index: HTTP_ACCEPT
D:\local\hdicarlo\src\Controllers\PageController.php(41)
2021-06-02 23:48:51: 2 require_once(D:/local/hdicarlo/src/Models/Country.php): failed to open stream: No such file or directory
D:\local\hdicarlo\src\Controllers\admin\ExhibitorController.php(7)
2021-06-02 23:48:59: 2 require_once(D:/local/hdicarlo/src/Views/layouts/basic.layout.php): failed to open stream: No such file or directory
D:\local\hdicarlo\src\Helpers\Common.php(59)
2021-06-03 07:04:23: 2 require_once(D:/local/hdicarlo/src/Views/layouts/basic.layout.php): failed to open stream: No such file or directory
D:\local\hdicarlo\src\Helpers\Common.php(59)
2021-06-03 07:14:11: 8 Undefined index: identityDocumentId
D:\local\hdicarlo\src\Controllers\admin\UserController.php(126)
2021-06-03 07:14:32: 8 Undefined index: identityDocumentId
D:\local\hdicarlo\src\Controllers\admin\UserController.php(126)
2021-06-03 07:16:12: 2 require_once(D:/local/hdicarlo/src/Models/Country.php): failed to open stream: No such file or directory
D:\local\hdicarlo\src\Controllers\admin\ExhibitorController.php(7)
2021-06-03 07:44:42: 2 require_once(D:/local/hdicarlo/src/Models/Country.php): failed to open stream: No such file or directory
D:\local\hdicarlo\src\Controllers\admin\ExhibitorController.php(7)
2021-06-03 07:53:46: 2 require(D:/local/hdicarlo/src/Views/admin/company.view.php): failed to open stream: No such file or directory
D:\local\hdicarlo\src\Helpers\Common.php(20)
2021-06-03 07:56:17: 8 Undefined index: documentTypeId
D:\local\hdicarlo\src\Controllers\PageController.php(82)
2021-06-03 08:00:18: 2 require_once(D:/local/hdicarlo/src/Models/Country.php): failed to open stream: No such file or directory
D:\local\hdicarlo\src\Controllers\admin\ExhibitorController.php(7)
2021-06-03 08:00:23: 2 require_once(D:/local/hdicarlo/src/Models/Country.php): failed to open stream: No such file or directory
D:\local\hdicarlo\src\Controllers\admin\ExhibitorController.php(7)
2021-06-03 08:01:42: 8 Undefined index: geoLevel1
D:\local\hdicarlo\src\Views\admin\exhibitor.view.php(42)
2021-06-03 08:22:34: 2 require_once(D:/local/hdicarlo/src/Models/Country.php): failed to open stream: No such file or directory
D:\local\hdicarlo\src\Controllers\admin\CountryController.php(3)
2021-06-03 08:22:34: 2 require_once(D:/local/hdicarlo/src/Models/Country.php): failed to open stream: No such file or directory
D:\local\hdicarlo\src\Controllers\admin\CountryController.php(3)
2021-06-03 08:22:35: 2 require_once(D:/local/hdicarlo/src/Models/Country.php): failed to open stream: No such file or directory
D:\local\hdicarlo\src\Controllers\admin\CountryController.php(3)
2021-06-03 08:22:35: 2 require_once(D:/local/hdicarlo/src/Models/Country.php): failed to open stream: No such file or directory
D:\local\hdicarlo\src\Controllers\admin\CountryController.php(3)
2021-06-03 08:22:35: 2 require_once(D:/local/hdicarlo/src/Models/Country.php): failed to open stream: No such file or directory
D:\local\hdicarlo\src\Controllers\admin\CountryController.php(3)
2021-06-03 08:22:35: 2 require_once(D:/local/hdicarlo/src/Models/Country.php): failed to open stream: No such file or directory
D:\local\hdicarlo\src\Controllers\admin\CountryController.php(3)
2021-06-03 08:22:35: 2 require_once(D:/local/hdicarlo/src/Models/Country.php): failed to open stream: No such file or directory
D:\local\hdicarlo\src\Controllers\admin\CountryController.php(3)
2021-06-03 08:22:35: 2 require_once(D:/local/hdicarlo/src/Models/Country.php): failed to open stream: No such file or directory
D:\local\hdicarlo\src\Controllers\admin\CountryController.php(3)
2021-06-03 08:22:35: 2 require_once(D:/local/hdicarlo/src/Models/Country.php): failed to open stream: No such file or directory
D:\local\hdicarlo\src\Controllers\admin\CountryController.php(3)
2021-06-03 21:17:54: 8 Undefined index: documentTypeId
D:\local\hdicarlo\src\Controllers\PageController.php(82)
2021-06-03 22:27:03: 8 Undefined offset: 1
D:\local\hdicarlo\src\Controllers\admin\ExhibitorController.php(227)
2021-06-03 22:27:12: 8 Undefined offset: 1
D:\local\hdicarlo\src\Controllers\admin\ExhibitorController.php(227)
2021-06-03 22:27:18: 8 Undefined offset: 1
D:\local\hdicarlo\src\Controllers\admin\ExhibitorController.php(227)
2021-06-04 07:11:59: 8 Undefined index: total
D:\local\hdicarlo\src\Views\admin\partials\exhibitorTable.php(54)
2021-06-04 07:48:24: 8 Undefined index: HTTP_ACCEPT
D:\local\hdicarlo\src\Controllers\PageController.php(41)
2021-06-04 07:48:31: 8 Undefined index: HTTP_ACCEPT
D:\local\hdicarlo\src\Controllers\PageController.php(41)
2021-06-04 07:57:23: 8 Undefined index: HTTP_ACCEPT
D:\local\hdicarlo\src\Controllers\PageController.php(41)
2021-06-04 08:05:22: 8 Undefined index: HTTP_ACCEPT
D:\local\hdicarlo\src\Controllers\PageController.php(41)
2021-06-04 08:05:29: 8 Undefined index: HTTP_ACCEPT
D:\local\hdicarlo\src\Controllers\PageController.php(41)
2021-06-04 08:06:15: 8 Undefined index: HTTP_ACCEPT
D:\local\hdicarlo\src\Controllers\PageController.php(41)
2021-06-04 08:06:40: 8 Undefined index: HTTP_ACCEPT
D:\local\hdicarlo\src\Controllers\PageController.php(41)
2021-06-04 08:08:41: 8 Undefined index: HTTP_ACCEPT
D:\local\hdicarlo\src\Controllers\PageController.php(41)
